UG to STEP
! INFO-     NX STEP AP214 - V2007
! INFO-      
! INFO-     Start of Translation: 29-MAR-2025  1:14:20 PM
! INFO-      
! STATUS-   Converting Part: C:\Users\nickm\AppData\Local\Temp\lox_postPDR_impeller_material_stp(1)_objects.prt
! SUMMARY-   
! SUMMARY-  Summary of Unigraphics Part Entities
! SUMMARY-  For Part: C:\Users\nickm\AppData\Local\Temp\lox_postPDR_impeller_material_stp(1)_objects.prt 
! SUMMARY-  Entities Processed             Count
! SUMMARY-  ------------------             -----
! SUMMARY-  Part Attribute ..............:     1
! SUMMARY-  Font ........................:     1
! SUMMARY-  Color Table .................:     2
! SUMMARY-  Coordinate System ...........:     1
! SUMMARY-  Parameter ...................:     1
! SUMMARY-  Matrix ......................:     1
! SUMMARY-  Solid .......................:
! SUMMARY-     Body .....................:     1
! SUMMARY-                                 -----
! SUMMARY-  Total                              8
! STATUS-    
! STATUS-   Converting to Output Form (Phase 2 of 3): 29-MAR-2025 1:14:21 PM
! STATUS-    
! STATUS-    
! STATUS-   Generating UG geometry and placing them in parts
! STATUS-    
! SUMMARY-   
! SUMMARY-    STEP Header Information
! SUMMARY-   
! SUMMARY-  Description      Unknown
! SUMMARY-  Imp_Level        1
! SUMMARY-  File_Name        lox_postPDR_impeller_material_stp(1).stp
! SUMMARY-  Date             2025-03-29T13:14:21-04:00
! SUMMARY-  Author           Unknown
! SUMMARY-  Organization     Unknown
! SUMMARY-  Pre_Version      ST-DEVELOPER v18.102
! SUMMARY-  Orig_System      SIEMENS PLM Software NX 2027
! SUMMARY-  Authorization    Unknown
! SUMMARY-  Schema_ID        step_merged_ap_schema
! SUMMARY-   
! SUMMARY-    Summary of STEP Entities
! SUMMARY-   
! SUMMARY-  Entity Type                                                   Count
! SUMMARY-  -----------                                                   ------
! SUMMARY-  advanced_face ..............................................:    136
! SUMMARY-  application_context ........................................:      1
! SUMMARY-  axis1_placement ............................................:     14
! SUMMARY-  axis2_placement_3d .........................................:    226
! SUMMARY-  b_spline_curve_with_knots ..................................:    154
! SUMMARY-  b_spline_surface_with_knots ................................:     18
! SUMMARY-  cartesian_point ............................................:  18189
! SUMMARY-  circle .....................................................:    121
! SUMMARY-  closed_shell ...............................................:      1
! SUMMARY-  conical_surface ............................................:      4
! SUMMARY-  conversion_based_unit_and_plane_angle_unit .................:      1
! SUMMARY-  cylindrical_surface ........................................:     55
! SUMMARY-  dimensional_exponents ......................................:      1
! SUMMARY-  direction ..................................................:    590
! SUMMARY-  edge_curve .................................................:    385
! SUMMARY-  edge_loop ..................................................:    138
! SUMMARY-  face_bound .................................................:      4
! SUMMARY-  face_outer_bound ...........................................:    134
! SUMMARY-  geometric_representation_context_and_global_uncertainty_a ..:      1
! SUMMARY-  length_unit_and_si_unit ....................................:      1
! SUMMARY-  line .......................................................:    124
! SUMMARY-  manifold_solid_brep ........................................:      1
! SUMMARY-  oriented_edge ..............................................:    770
! SUMMARY-  plane ......................................................:     41
! SUMMARY-  plane_angle_measure_with_unit ..............................:      1
! SUMMARY-  plane_angle_unit_and_si_unit ...............................:      1
! SUMMARY-  product ....................................................:      1
! SUMMARY-  product_context ............................................:      1
! SUMMARY-  product_definition .........................................:      1
! SUMMARY-  product_definition_context .................................:      1
! SUMMARY-  product_definition_formation_with_specified_source .........:      1
! SUMMARY-  product_definition_shape ...................................:      1
! SUMMARY-  product_related_product_category ...........................:      1
! SUMMARY-  si_unit_and_solid_angle_unit ...............................:      1
! SUMMARY-  spherical_surface ..........................................:      4
! SUMMARY-  surface_of_revolution ......................................:     14
! SUMMARY-  uncertainty_measure_with_unit ..............................:      1
! SUMMARY-  vector .....................................................:    124
! SUMMARY-  vertex_point ...............................................:    239
! SUMMARY-                                                               -------
! SUMMARY-  Total                                                          21502
! INFO-      
! INFO-     User interface/default file
! INFO-     Bspline aprx. value in effect for this translation : 2.540000e-02 mm
! INFO-      
! INFO-     Total number of solids input for this translation  :       1
! INFO-      
! INFO-     Number of solids processed without problems        :       1
! INFO-      
! INFO-     Number of solids with problems output as sheets    :       0
! INFO-      
! INFO-     Number of solids not processed                     :       0
! INFO-      
! INFO-     End of Translation: 29-MAR-2025  1:14:21 PM
! INFO-      
