STEP to UG
! INFO-     NX STEP AP214 - V2306.8900
! INFO-      
! INFO-     Start of Translation: 2-NOV-2025  11:11:45 AM
! INFO-      
! STATUS-   Converting Part: C:\Users\kfgul\Documents\GitHub\Turbopump\Fall 2025\RP1 Casing Subassembly\volute.stp
! SUMMARY-   
! SUMMARY-    STEP Header Information
! SUMMARY-   
! SUMMARY-  Description      Open CASCADE Model
! SUMMARY-  Imp_Level        2;1
! SUMMARY-  File_Name        Open CASCADE Shape Model
! SUMMARY-  Date             2025-11-02T11:11:32
! SUMMARY-  Author           Author
! SUMMARY-  Organization     Open CASCADE
! SUMMARY-  Pre_Version      Open CASCADE STEP processor 7.6
! SUMMARY-  Orig_System      Open CASCADE 7.6
! SUMMARY-  Authorization    Unknown
! SUMMARY-  Schema_ID        automotive_design
! SUMMARY-   
! SUMMARY-    Summary of STEP Entities
! SUMMARY-   
! SUMMARY-  Entity Type                                                   Count
! SUMMARY-  -----------                                                   ------
! SUMMARY-  advanced_face ..............................................:     18
! SUMMARY-  application_context ........................................:      1
! SUMMARY-  axis2_placement_3d .........................................:     19
! SUMMARY-  b_spline_curve_with_knots ..................................:     26
! SUMMARY-  b_spline_curve_with_knots_and_rational_b_spline_curve ......:     14
! SUMMARY-  b_spline_surface_with_knots ................................:      6
! SUMMARY-  b_spline_surface_with_knots_and_rational_b_spline_surface ..:      8
! SUMMARY-  cartesian_point ............................................:  14148
! SUMMARY-  circle .....................................................:     14
! SUMMARY-  closed_shell ...............................................:      1
! SUMMARY-  conical_surface ............................................:      2
! SUMMARY-  cylindrical_surface ........................................:      2
! SUMMARY-  direction ..................................................:     40
! SUMMARY-  edge_curve .................................................:     56
! SUMMARY-  edge_loop ..................................................:     18
! SUMMARY-  face_bound .................................................:     18
! SUMMARY-  geometric_representation_context_and_global_uncertainty_a ..:      1
! SUMMARY-  length_unit_and_si_unit ....................................:      1
! SUMMARY-  line .......................................................:      2
! SUMMARY-  manifold_solid_brep ........................................:      1
! SUMMARY-  oriented_edge ..............................................:    112
! SUMMARY-  plane_angle_unit_and_si_unit ...............................:      1
! SUMMARY-  product ....................................................:      1
! SUMMARY-  product_context ............................................:      1
! SUMMARY-  product_definition .........................................:      1
! SUMMARY-  product_definition_context .................................:      1
! SUMMARY-  product_definition_formation ...............................:      1
! SUMMARY-  product_definition_shape ...................................:      1
! SUMMARY-  product_related_product_category ...........................:      1
! SUMMARY-  si_unit_and_solid_angle_unit ...............................:      1
! SUMMARY-  uncertainty_measure_with_unit ..............................:      1
! SUMMARY-  vector .....................................................:      2
! SUMMARY-  vertex_point ...............................................:     36
! SUMMARY-                                                               -------
! SUMMARY-  Total                                                          14556
! STATUS-    
! STATUS-   Converting to Output Form (Phase 2 of 3): 2-NOV-2025 11:11:45 AM
! STATUS-    
! STATUS-    
! STATUS-   Generating UG geometry and placing them in parts
! STATUS-    
! STATUS-   Creating the UG part (Phase 3 of 3): 2-NOV-2025  11:11:45 AM
! INFO-     Filing Part ..: C:\Users\kfgul\Documents\GitHub\Turbopump\Fall 2025\RP1 Casing Subassembly\volute_stp.prt
! SUMMARY-   
! SUMMARY-  Summary of Unigraphics Part Entities
! SUMMARY-   
! SUMMARY-  Entities Processed             Count
! SUMMARY-  ------------------             -----
! SUMMARY-  Solid/Sheet .................:     1
! SUMMARY-                                 -----
! SUMMARY-  Total                              1
! INFO-      
! INFO-     Total number of solids input for this translation       :         1
! INFO-      
! INFO-     Number of solids created without body validation faults :         1
! INFO-      
! INFO-     Number of solids created with body validation fault(s)  :         0
! INFO-      
! INFO-     Number of solids ending up as sheet bodies              :         0
! INFO-      
! INFO-     End of Translation: 2-NOV-2025  11:11:46 AM
! INFO-      
